<?xml version="1.0" encoding="UTF-8"?>
<!-- Generated by org.testng.reporters.JUnitReportReporter -->
<testsuite hostname="DESKTOP-FL1QLG9" failures="0" tests="1" name="ApiTesting.ApiTesting.testing.AppTest" time="1.708" errors="0" timestamp="2025-01-23T15:19:49 GMT" skipped="0">
  <testcase classname="ApiTesting.ApiTesting.testing.AppTest" name="verifyStatusCode" time="1.708"/>
</testsuite> <!-- ApiTesting.ApiTesting.testing.AppTest -->
