<?xml version="1.0" encoding="UTF-8"?>
<!-- Generated by org.testng.reporters.JUnitReportReporter -->
<testsuite hostname="DESKTOP-FL1QLG9" failures="0" tests="3" name="ApiTesting.ApiTesting.testing.AppTest" time="2.410" errors="0" timestamp="2025-01-24T00:51:07 GMT" skipped="0">
  <testcase classname="ApiTesting.ApiTesting.testing.AppTest" name="getRequestUsingBDD" time="1.695"/>
  <testcase classname="ApiTesting.ApiTesting.testing.AppTest" name="postRequestWithBDD" time="0.143"/>
  <testcase classname="ApiTesting.ApiTesting.testing.AppTest" name="verifyStatusCode" time="0.572"/>
</testsuite> <!-- ApiTesting.ApiTesting.testing.AppTest -->
